Using pre-set license
Built from '2020.3/staging' branch; Version is '2020.3.17f1 (a4537701e4ab) revision 10769271'; Using compiler version '192528614'; Build Type 'Release'
OS: 'Windows 10 Home; OS build 19042.1165; Version 2009; 64bit' Language: 'ko' Physical Memory: 16303 MB
BatchMode: 1, IsHumanControllingUs: 0, StartBugReporterOnCrash: 0, Is64bit: 1, IsPro: 0

COMMAND LINE ARGUMENTS:
C:\Program Files\Unity\Hub\Editor\2020.3.17f1\Editor\Unity.exe
-adb2
-batchMode
-noUpm
-name
AssetImportWorker0
-projectPath
C:/Users/peace/Documents/Clicker_Individual/Clicker_Individual
-logFile
Logs/AssetImportWorker0.log
-srvPort
11997
Successfully changed project path to: C:/Users/peace/Documents/Clicker_Individual/Clicker_Individual
C:/Users/peace/Documents/Clicker_Individual/Clicker_Individual
Using Asset Import Pipeline V2.
Refreshing native plugins compatible for Editor in 38.56 ms, found 3 plugins.
Preloading 0 native plugins for Editor in 0.00 ms.
Initialize engine version: 2020.3.17f1 (a4537701e4ab)
[Subsystems] Discovering subsystems at path C:/Program Files/Unity/Hub/Editor/2020.3.17f1/Editor/Data/Resources/UnitySubsystems
[Subsystems] Discovering subsystems at path C:/Users/peace/Documents/Clicker_Individual/Clicker_Individual/Assets
GfxDevice: creating device client; threaded=0
Direct3D:
    Version:  Direct3D 11.0 [level 11.1]
    Renderer: NVIDIA GeForce RTX 2060 (ID=0x1f51)
    Vendor:   
    VRAM:     5980 MB
    Driver:   26.21.14.3162
Initialize mono
Mono path[0] = 'C:/Program Files/Unity/Hub/Editor/2020.3.17f1/Editor/Data/Managed'
Mono path[1] = 'C:/Program Files/Unity/Hub/Editor/2020.3.17f1/Editor/Data/MonoBleedingEdge/lib/mono/unityjit'
Mono config path = 'C:/Program Files/Unity/Hub/Editor/2020.3.17f1/Editor/Data/MonoBleedingEdge/etc'
Using monoOptions --debugger-agent=transport=dt_socket,embedding=1,server=y,suspend=n,address=127.0.0.1:56000
Begin MonoManager ReloadAssembly
Registering precompiled unity dll's ...
Register platform support module: C:/Program Files/Unity/Hub/Editor/2020.3.17f1/Editor/Data/PlaybackEngines/WindowsStandaloneSupport/UnityEditor.WindowsStandalone.Extensions.dll
Registered in 0.001404 seconds.
Native extension for WindowsStandalone target not found
Refreshing native plugins compatible for Editor in 35.86 ms, found 3 plugins.
Preloading 0 native plugins for Editor in 0.00 ms.
Mono: successfully reloaded assembly
- Completed reload, in  1.503 seconds
Domain Reload Profiling:
	ReloadAssembly (1503ms)
		BeginReloadAssembly (49ms)
			ExecutionOrderSort (0ms)
			DisableScriptedObjects (0ms)
			BackupInstance (0ms)
			ReleaseScriptingObjects (0ms)
			CreateAndSetChildDomain (1ms)
		EndReloadAssembly (352ms)
			LoadAssemblies (47ms)
			RebuildTransferFunctionScriptingTraits (0ms)
			SetupTypeCache (124ms)
			ReleaseScriptCaches (0ms)
			RebuildScriptCaches (26ms)
			SetupLoadedEditorAssemblies (141ms)
				LogAssemblyErrors (0ms)
				InitializePlatformSupportModulesInManaged (3ms)
				SetLoadedEditorAssemblies (0ms)
				RefreshPlugins (36ms)
				BeforeProcessingInitializeOnLoad (14ms)
				ProcessInitializeOnLoadAttributes (64ms)
				ProcessInitializeOnLoadMethodAttributes (23ms)
				AfterProcessingInitializeOnLoad (0ms)
				EditorAssembliesLoaded (0ms)
			ExecutionOrderSort2 (0ms)
			AwakeInstancesAfterBackupRestoration (0ms)
Platform modules already initialized, skipping
Registering precompiled user dll's ...
Registered in 0.003003 seconds.
Begin MonoManager ReloadAssembly
Native extension for WindowsStandalone target not found
Refreshing native plugins compatible for Editor in 35.73 ms, found 3 plugins.
Preloading 0 native plugins for Editor in 0.00 ms.
Mono: successfully reloaded assembly
- Completed reload, in  1.035 seconds
Domain Reload Profiling:
	ReloadAssembly (1036ms)
		BeginReloadAssembly (124ms)
			ExecutionOrderSort (0ms)
			DisableScriptedObjects (4ms)
			BackupInstance (0ms)
			ReleaseScriptingObjects (0ms)
			CreateAndSetChildDomain (15ms)
		EndReloadAssembly (858ms)
			LoadAssemblies (75ms)
			RebuildTransferFunctionScriptingTraits (0ms)
			SetupTypeCache (253ms)
			ReleaseScriptCaches (0ms)
			RebuildScriptCaches (40ms)
			SetupLoadedEditorAssemblies (374ms)
				LogAssemblyErrors (0ms)
				InitializePlatformSupportModulesInManaged (3ms)
				SetLoadedEditorAssemblies (0ms)
				RefreshPlugins (36ms)
				BeforeProcessingInitializeOnLoad (73ms)
				ProcessInitializeOnLoadAttributes (245ms)
				ProcessInitializeOnLoadMethodAttributes (12ms)
				AfterProcessingInitializeOnLoad (5ms)
				EditorAssembliesLoaded (0ms)
			ExecutionOrderSort2 (0ms)
			AwakeInstancesAfterBackupRestoration (6ms)
Platform modules already initialized, skipping
========================================================================
Worker process is ready to serve import requests
Launched and connected shader compiler UnityShaderCompiler.exe after 0.06 seconds
Refreshing native plugins compatible for Editor in 0.39 ms, found 3 plugins.
Preloading 0 native plugins for Editor in 0.00 ms.
Unloading 2092 Unused Serialized files (Serialized files now loaded: 0)
System memory in use before: 93.0 MB.
System memory in use after: 93.1 MB.

Unloading 28 unused Assets to reduce memory usage. Loaded Objects now: 2528.
Total: 2.864900 ms (FindLiveObjects: 0.174200 ms CreateObjectMapping: 0.057300 ms MarkObjects: 2.555100 ms  DeleteObjects: 0.077500 ms)

AssetImportParameters requested are different than current active one (requested -> active):
  custom:framework-win-MediaFoundation: 216162199b28c13a410421893ffa2e32 -> 
  custom:video-decoder-ogg-theora: a1e56fd34408186e4bbccfd4996cb3dc -> 
  custom:container-muxer-webm: aa71ff27fc2769a1b78a27578f13a17b -> 
  custom:container-demuxer-webm: 4f35f7cbe854078d1ac9338744f61a02 -> 
  custom:container-demuxer-ogg: 62fdf1f143b41e24485cea50d1cbac27 -> 
  custom:video-encoder-webm-vp8: eb34c28f22e8b96e1ab97ce403110664 -> 
  custom:video-decoder-webm-vp8: 9c59270c3fd7afecdb556c50c9e8de78 -> 
  custom:audio-decoder-ogg-vorbis: bf7c407c2cedff20999df2af8eb42d56 -> 
  custom:audio-encoder-webm-vorbis: bf7c407c2cedff20999df2af8eb42d56 -> 
========================================================================
Received Import Request.
  path: Assets/Scenes
  artifactKey: Guid(c0f6d31bb3efe964787436f85dd29d58) Importer(815301076,1909f56bfc062723c751e8b465ee728b)
Start importing Assets/Scenes using Guid(c0f6d31bb3efe964787436f85dd29d58) Importer(815301076,1909f56bfc062723c751e8b465ee728b)  -> (artifact id: '62b531f138876ac8881c4cf2ef260d3e') in 0.006581 seconds 
  Import took 0.009136 seconds .

========================================================================
Received Import Request.
  Time since last request: 0.000270 seconds.
  path: Assets/Scenes/SampleScene.unity
  artifactKey: Guid(2cda990e2423bbf4892e6590ba056729) Importer(815301076,1909f56bfc062723c751e8b465ee728b)
Start importing Assets/Scenes/SampleScene.unity using Guid(2cda990e2423bbf4892e6590ba056729) Importer(815301076,1909f56bfc062723c751e8b465ee728b)  -> (artifact id: 'aa27944bdea339c97c39027c7eea529c') in 0.010403 seconds 
  Import took 0.012864 seconds .

========================================================================
Received Import Request.
  Time since last request: 3.345118 seconds.
  path: Assets/Scenes/main.unity
  artifactKey: Guid(4a633177b1e25a64c90120b011f37c93) Importer(815301076,1909f56bfc062723c751e8b465ee728b)
Start importing Assets/Scenes/main.unity using Guid(4a633177b1e25a64c90120b011f37c93) Importer(815301076,1909f56bfc062723c751e8b465ee728b)  -> (artifact id: 'cb8e47b38a5b84656662e1563b228fb4') in 0.007174 seconds 
  Import took 0.009965 seconds .

========================================================================
Received Import Request.
  Time since last request: 61.462435 seconds.
  path: Assets
  artifactKey: Guid(00000000000000001000000000000000) Importer(815301076,1909f56bfc062723c751e8b465ee728b)
Start importing Assets using Guid(00000000000000001000000000000000) Importer(815301076,1909f56bfc062723c751e8b465ee728b)  -> (artifact id: '42d402b061de3733987d63b9cc3b64de') in 0.013484 seconds 
  Import took 0.016558 seconds .

========================================================================
Received Import Request.
  Time since last request: 8.051474 seconds.
  path: Assets/Animations
  artifactKey: Guid(e044fa6eced1b684392840de2c96a101) Importer(815301076,1909f56bfc062723c751e8b465ee728b)
Start importing Assets/Animations using Guid(e044fa6eced1b684392840de2c96a101) Importer(815301076,1909f56bfc062723c751e8b465ee728b)  -> (artifact id: '76237f9aa174848f734ed84673bebf61') in 0.007391 seconds 
  Import took 0.010329 seconds .

========================================================================
Received Import Request.
  Time since last request: 6.167323 seconds.
  path: Assets/Editor
  artifactKey: Guid(6ed33fc1701cfb948b98c8841f8e41d7) Importer(815301076,1909f56bfc062723c751e8b465ee728b)
Start importing Assets/Editor using Guid(6ed33fc1701cfb948b98c8841f8e41d7) Importer(815301076,1909f56bfc062723c751e8b465ee728b)  -> (artifact id: '4942412e9887c426b756df1380d3d60e') in 0.014709 seconds 
  Import took 0.017414 seconds .

========================================================================
Received Import Request.
  Time since last request: 6.053881 seconds.
  path: Assets/Font
  artifactKey: Guid(3044d4ac62236bd4093484cc84437c12) Importer(815301076,1909f56bfc062723c751e8b465ee728b)
Start importing Assets/Font using Guid(3044d4ac62236bd4093484cc84437c12) Importer(815301076,1909f56bfc062723c751e8b465ee728b)  -> (artifact id: '1149f61a7edeab83069c8dd965249c8c') in 0.014546 seconds 
  Import took 0.017188 seconds .

========================================================================
Received Import Request.
  Time since last request: 8.523319 seconds.
  path: Assets/Images
  artifactKey: Guid(b91eeeb2d87bbb44daf8e9a3d3965af6) Importer(815301076,1909f56bfc062723c751e8b465ee728b)
Start importing Assets/Images using Guid(b91eeeb2d87bbb44daf8e9a3d3965af6) Importer(815301076,1909f56bfc062723c751e8b465ee728b)  -> (artifact id: '75eb7ad990e7363abdd90a4f592a474b') in 0.006808 seconds 
  Import took 0.009531 seconds .

========================================================================
Received Import Request.
  Time since last request: 10.863087 seconds.
  path: Assets/Plugins
  artifactKey: Guid(951490c6b31a2eb479615fb49ecbc17e) Importer(815301076,1909f56bfc062723c751e8b465ee728b)
Start importing Assets/Plugins using Guid(951490c6b31a2eb479615fb49ecbc17e) Importer(815301076,1909f56bfc062723c751e8b465ee728b)  -> (artifact id: 'c30f92cbf755bf8afd42e820e77157d6') in 0.005814 seconds 
  Import took 0.009303 seconds .

========================================================================
Received Import Request.
  Time since last request: 10.501083 seconds.
  path: Assets/Rescources
  artifactKey: Guid(e35656f5befa6cd4c9948d480ad46ef4) Importer(815301076,1909f56bfc062723c751e8b465ee728b)
Start importing Assets/Rescources using Guid(e35656f5befa6cd4c9948d480ad46ef4) Importer(815301076,1909f56bfc062723c751e8b465ee728b)  -> (artifact id: '9ba4a6abbf735507be0e817fe35a4966') in 0.006015 seconds 
  Import took 0.008815 seconds .

========================================================================
Received Import Request.
  Time since last request: 13.927901 seconds.
  path: Assets/Resources
  artifactKey: Guid(e35656f5befa6cd4c9948d480ad46ef4) Importer(815301076,1909f56bfc062723c751e8b465ee728b)
Start importing Assets/Resources using Guid(e35656f5befa6cd4c9948d480ad46ef4) Importer(815301076,1909f56bfc062723c751e8b465ee728b)  -> (artifact id: '875362dfcca51dc04e68527d7de80c33') in 0.013361 seconds 
  Import took 0.016187 seconds .

========================================================================
Received Import Request.
  Time since last request: 10.116278 seconds.
  path: Assets/Save
  artifactKey: Guid(fbe9c9bf7123b464d887c9b996c56ff3) Importer(815301076,1909f56bfc062723c751e8b465ee728b)
Start importing Assets/Save using Guid(fbe9c9bf7123b464d887c9b996c56ff3) Importer(815301076,1909f56bfc062723c751e8b465ee728b)  -> (artifact id: '70c4a05cc9022bbfbb57fd44756e1b5b') in 0.013640 seconds 
  Import took 0.016321 seconds .

========================================================================
Received Import Request.
  Time since last request: 14.132978 seconds.
  path: Assets/Scenes 1
  artifactKey: Guid(bae1a143a8cb894498fb123d93e7729b) Importer(815301076,1909f56bfc062723c751e8b465ee728b)
Start importing Assets/Scenes 1 using Guid(bae1a143a8cb894498fb123d93e7729b) Importer(815301076,1909f56bfc062723c751e8b465ee728b)  -> (artifact id: '0e3eddca2a91b21ce6ddbb6b679d3419') in 0.012477 seconds 
  Import took 0.015273 seconds .

========================================================================
Received Import Request.
  Time since last request: 15.929819 seconds.
  path: Assets/Scripts
  artifactKey: Guid(a24fd00610e5d074fab5f85a477e9b76) Importer(815301076,1909f56bfc062723c751e8b465ee728b)
Start importing Assets/Scripts using Guid(a24fd00610e5d074fab5f85a477e9b76) Importer(815301076,1909f56bfc062723c751e8b465ee728b)  -> (artifact id: '3f5bf5d486712423b179bd1ef40f82ba') in 0.005821 seconds 
  Import took 0.008944 seconds .

========================================================================
Received Import Request.
  Time since last request: 246.414702 seconds.
  path: Assets/Font/Cafe24Dangdanghae.ttf
  artifactKey: Guid(af1c8e6ee4caa9f42867705c5e2ffc68) Importer(815301076,1909f56bfc062723c751e8b465ee728b)
Start importing Assets/Font/Cafe24Dangdanghae.ttf using Guid(af1c8e6ee4caa9f42867705c5e2ffc68) Importer(815301076,1909f56bfc062723c751e8b465ee728b)  -> (artifact id: '05f0df99cdbf919acd1bd7de2399b440') in 0.096451 seconds 
  Import took 0.099889 seconds .

========================================================================
Received Import Request.
  Time since last request: 298.661982 seconds.
  path: Assets/Images/Ｂａｃｋｇｒｏｕｎｄ.png
  artifactKey: Guid(2168fb30fce950644b89752bd65a177c) Importer(815301076,1909f56bfc062723c751e8b465ee728b)
Start importing Assets/Images/Ｂａｃｋｇｒｏｕｎｄ.png using Guid(2168fb30fce950644b89752bd65a177c) Importer(815301076,1909f56bfc062723c751e8b465ee728b)  -> (artifact id: '5e603532af6953687d95cde4aa7e5065') in 0.041135 seconds 
  Import took 0.044286 seconds .

AssetImportWorkerClient::OnTransportError - code=2 error=End of file
